c:\users\windows 10\desktop\mjhep\情報処理　eee2　hグループ\destroid\debug\vc141.pdb
c:\users\windows 10\desktop\mjhep\情報処理　eee2　hグループ\destroid\debug\vc141.idb
c:\users\windows 10\desktop\mjhep\情報処理　eee2　hグループ\destroid\debug\shootstar0.obj
c:\users\windows 10\desktop\mjhep\情報処理　eee2　hグループ\destroid\debug\shootingstar_0.exe
c:\users\windows 10\desktop\mjhep\情報処理　eee2　hグループ\destroid\debug\shootingstar_0.ilk
c:\users\windows 10\desktop\mjhep\情報処理　eee2　hグループ\destroid\debug\shootingstar_0.pdb
c:\users\haziz\desktop\compiled\mjhep\情報処理　eee2　hグループ\destroid\debug\shootstar0.obj
c:\users\haziz\desktop\compiled\mjhep\情報処理　eee2　hグループ\destroid\debug\shootingstar_0.ilk
c:\users\haziz\desktop\compiled\mjhep\情報処理　eee2　hグループ\destroid\debug\lnk{9e191594-f7cc-4ca2-8229-acb72e49640c}.tmp
c:\users\haziz\desktop\compiled\mjhep\情報処理　eee2　hグループ\destroid\debug\vc140.idb
c:\users\haziz\desktop\compiled\mjhep\情報処理　eee2　hグループ\destroid\debug\vc141.idb
c:\users\haziz\desktop\compiled\mjhep\情報処理　eee2　hグループ\destroid\debug\shootingstar_0.pdb
c:\users\haziz\desktop\compiled\mjhep\情報処理　eee2　hグループ\destroid\debug\vc140.pdb
c:\users\haziz\desktop\compiled\mjhep\情報処理　eee2　hグループ\destroid\debug\vc141.pdb
c:\users\haziz\desktop\compiled\mjhep\情報処理　eee2　hグループ\destroid\debug\shootingstar_0.exe
c:\users\haziz\desktop\compiled\mjhep\情報処理　eee2　hグループ\destroid\debug\shootingstar_0.tlog\cl.command.1.tlog
c:\users\haziz\desktop\compiled\mjhep\情報処理　eee2　hグループ\destroid\debug\shootingstar_0.tlog\cl.read.1.tlog
c:\users\haziz\desktop\compiled\mjhep\情報処理　eee2　hグループ\destroid\debug\shootingstar_0.tlog\cl.write.1.tlog
c:\users\haziz\desktop\compiled\mjhep\情報処理　eee2　hグループ\destroid\debug\shootingstar_0.tlog\link.command.1.tlog
c:\users\haziz\desktop\compiled\mjhep\情報処理　eee2　hグループ\destroid\debug\shootingstar_0.tlog\link.delete.1.tlog
c:\users\haziz\desktop\compiled\mjhep\情報処理　eee2　hグループ\destroid\debug\shootingstar_0.tlog\link.read.1.tlog
c:\users\haziz\desktop\compiled\mjhep\情報処理　eee2　hグループ\destroid\debug\shootingstar_0.tlog\link.write.1.tlog
