  shootstar0.cpp
C:\Users\haziz\Desktop\Compiled\MJHEP\情報処理　EEE2　Hグループ\Destroid\shootstar0.cpp(24,15): warning C4244: '=': conversion from 'int' to 'float', possible loss of data
C:\Users\haziz\Desktop\Compiled\MJHEP\情報処理　EEE2　Hグループ\Destroid\shootstar0.cpp(25,15): warning C4244: '=': conversion from 'int' to 'float', possible loss of data
C:\Users\haziz\Desktop\Compiled\MJHEP\情報処理　EEE2　Hグループ\Destroid\shootstar0.cpp(34,16): warning C4244: '=': conversion from 'int' to 'float', possible loss of data
C:\Users\haziz\Desktop\Compiled\MJHEP\情報処理　EEE2　Hグループ\Destroid\shootstar0.cpp(35,16): warning C4244: '=': conversion from 'int' to 'float', possible loss of data
C:\Users\haziz\Desktop\Compiled\MJHEP\情報処理　EEE2　Hグループ\Destroid\shootstar0.cpp(38,9): warning C4244: '=': conversion from 'int' to 'float', possible loss of data
C:\Users\haziz\Desktop\Compiled\MJHEP\情報処理　EEE2　Hグループ\Destroid\shootstar0.cpp(39,9): warning C4244: '=': conversion from 'int' to 'float', possible loss of data
C:\Users\haziz\Desktop\Compiled\MJHEP\情報処理　EEE2　Hグループ\Destroid\shootstar0.cpp(67,12): warning C4244: '=': conversion from 'double' to 'float', possible loss of data
C:\Users\haziz\Desktop\Compiled\MJHEP\情報処理　EEE2　Hグループ\Destroid\shootstar0.cpp(68,12): warning C4244: '=': conversion from 'double' to 'float', possible loss of data
C:\Users\haziz\Desktop\Compiled\MJHEP\情報処理　EEE2　Hグループ\Destroid\shootstar0.cpp(73,13): warning C4244: 'return': conversion from 'double' to 'float', possible loss of data
C:\Users\haziz\Desktop\Compiled\MJHEP\情報処理　EEE2　Hグループ\Destroid\shootstar0.cpp(135,31): warning C4244: '=': conversion from 'double' to 'float', possible loss of data
C:\Users\haziz\Desktop\Compiled\MJHEP\情報処理　EEE2　Hグループ\Destroid\shootstar0.cpp(136,31): warning C4244: '=': conversion from 'double' to 'float', possible loss of data
C:\Users\haziz\Desktop\Compiled\MJHEP\情報処理　EEE2　Hグループ\Destroid\shootstar0.cpp(143,31): warning C4244: '=': conversion from 'double' to 'float', possible loss of data
C:\Users\haziz\Desktop\Compiled\MJHEP\情報処理　EEE2　Hグループ\Destroid\shootstar0.cpp(144,31): warning C4244: '=': conversion from 'double' to 'float', possible loss of data
C:\Users\haziz\Desktop\Compiled\MJHEP\情報処理　EEE2　Hグループ\Destroid\shootstar0.cpp(151,47): warning C4244: 'argument': conversion from 'double' to 'float', possible loss of data
C:\Users\haziz\Desktop\Compiled\MJHEP\情報処理　EEE2　Hグループ\Destroid\shootstar0.cpp(155,47): warning C4244: 'argument': conversion from 'float' to 'int', possible loss of data
C:\Users\haziz\Desktop\Compiled\MJHEP\情報処理　EEE2　Hグループ\Destroid\shootstar0.cpp(155,29): warning C4244: 'argument': conversion from 'float' to 'int', possible loss of data
C:\Users\haziz\Desktop\Compiled\MJHEP\情報処理　EEE2　Hグループ\Destroid\shootstar0.cpp(173,25): warning C4244: '=': conversion from 'int' to 'float', possible loss of data
C:\Users\haziz\Desktop\Compiled\MJHEP\情報処理　EEE2　Hグループ\Destroid\shootstar0.cpp(177,25): warning C4244: '=': conversion from 'int' to 'float', possible loss of data
C:\Users\haziz\Desktop\Compiled\MJHEP\情報処理　EEE2　Hグループ\Destroid\shootstar0.cpp(182,25): warning C4244: '=': conversion from 'int' to 'float', possible loss of data
C:\Users\haziz\Desktop\Compiled\MJHEP\情報処理　EEE2　Hグループ\Destroid\shootstar0.cpp(186,25): warning C4244: '=': conversion from 'int' to 'float', possible loss of data
C:\Users\haziz\Desktop\Compiled\MJHEP\情報処理　EEE2　Hグループ\Destroid\shootstar0.cpp(213,16): warning C4244: '=': conversion from 'double' to 'float', possible loss of data
C:\Users\haziz\Desktop\Compiled\MJHEP\情報処理　EEE2　Hグループ\Destroid\shootstar0.cpp(214,16): warning C4244: '=': conversion from 'double' to 'float', possible loss of data
C:\Users\haziz\Desktop\Compiled\MJHEP\情報処理　EEE2　Hグループ\Destroid\shootstar0.cpp(238,44): warning C4244: 'argument': conversion from 'float' to 'int', possible loss of data
C:\Users\haziz\Desktop\Compiled\MJHEP\情報処理　EEE2　Hグループ\Destroid\shootstar0.cpp(238,26): warning C4244: 'argument': conversion from 'float' to 'int', possible loss of data
C:\Users\haziz\Desktop\Compiled\MJHEP\情報処理　EEE2　Hグループ\Destroid\shootstar0.cpp(254,16): warning C4305: 'initializing': truncation from 'double' to 'float'
C:\Users\haziz\Desktop\Compiled\MJHEP\情報処理　EEE2　Hグループ\Destroid\shootstar0.cpp(372,6): warning C4554: '&': check operator precedence for possible error; use parentheses to clarify precedence
C:\Users\haziz\Desktop\Compiled\MJHEP\情報処理　EEE2　Hグループ\Destroid\shootstar0.cpp(413,107): warning C4305: 'argument': truncation from 'double' to 'float'
C:\Users\haziz\Desktop\Compiled\MJHEP\情報処理　EEE2　Hグループ\Destroid\shootstar0.cpp(425,58): warning C4244: 'argument': conversion from 'float' to 'int', possible loss of data
C:\Users\haziz\Desktop\Compiled\MJHEP\情報処理　EEE2　Hグループ\Destroid\shootstar0.cpp(425,35): warning C4244: 'argument': conversion from 'float' to 'int', possible loss of data
C:\Users\haziz\Desktop\Compiled\MJHEP\情報処理　EEE2　Hグループ\Destroid\shootstar0.cpp(431,66): warning C4244: 'argument': conversion from 'float' to 'int', possible loss of data
C:\Users\haziz\Desktop\Compiled\MJHEP\情報処理　EEE2　Hグループ\Destroid\shootstar0.cpp(431,38): warning C4244: 'argument': conversion from 'float' to 'int', possible loss of data
C:\Users\haziz\Desktop\Compiled\MJHEP\情報処理　EEE2　Hグループ\Destroid\shootstar0.cpp(451,63): warning C4244: 'argument': conversion from 'float' to 'int', possible loss of data
C:\Users\haziz\Desktop\Compiled\MJHEP\情報処理　EEE2　Hグループ\Destroid\shootstar0.cpp(451,38): warning C4244: 'argument': conversion from 'float' to 'int', possible loss of data
C:\Users\haziz\Desktop\Compiled\MJHEP\情報処理　EEE2　Hグループ\Destroid\shootstar0.cpp(455,67): warning C4244: 'argument': conversion from 'float' to 'int', possible loss of data
C:\Users\haziz\Desktop\Compiled\MJHEP\情報処理　EEE2　Hグループ\Destroid\shootstar0.cpp(455,39): warning C4244: 'argument': conversion from 'float' to 'int', possible loss of data
  ShootingStar_0.vcxproj -> C:\Users\haziz\Desktop\Compiled\MJHEP\情報処理　EEE2　Hグループ\Destroid\x64\Debug\ShootingStar_0.exe
